<?xml version="1.0" encoding="UTF-8"?>
<!-- Generated by org.testng.reporters.JUnitXMLReporter -->
<testsuite hostname="XE-T-DEEPAKS" ignored="0" name="Test1" tests="1" failures="1" timestamp="04 Aug 2017 08:05:23 GMT" time="55.222" errors="0">
  <testcase name="@AfterClass closeBrowser" time="0.031" classname="core.OpenAndCloseBrowser">
    <failure type="org.openqa.selenium.NoSuchSessionException" message="Build info: version: &amp;apos;3.4.0&amp;apos;, revision: &amp;apos;unknown&amp;apos;, time: &amp;apos;unknown&amp;apos;
System info: host: &amp;apos;9c627fda97ea&amp;apos;, ip: &amp;apos;172.17.0.3&amp;apos;, os.name: &amp;apos;Linux&amp;apos;, os.arch: &amp;apos;amd64&amp;apos;, os.version: &amp;apos;4.9.36-moby&amp;apos;, java.version: &amp;apos;1.8.0_131&amp;apos;
Driver info: driver.version: unknown
Command duration or timeout: 30 milliseconds">
      <![CDATA[org.openqa.selenium.NoSuchSessionException: Build info: version: '3.4.0', revision: 'unknown', time: 'unknown'
System info: host: '9c627fda97ea', ip: '172.17.0.3', os.name: 'Linux', os.arch: 'amd64', os.version: '4.9.36-moby', java.version: '1.8.0_131'
Driver info: driver.version: unknown
Command duration or timeout: 30 milliseconds
	at org.openqa.selenium.remote.ErrorHandler.createThrowable(ErrorHandler.java:215)
	at org.openqa.selenium.remote.ErrorHandler.throwIfResponseFailed(ErrorHandler.java:167)
	at org.openqa.selenium.remote.RemoteWebDriver.execute(RemoteWebDriver.java:671)
	at org.openqa.selenium.remote.RemoteWebDriver.execute(RemoteWebDriver.java:694)
	at org.openqa.selenium.remote.RemoteWebDriver.quit(RemoteWebDriver.java:533)
	at core.OpenAndCloseBrowser.closeBrowser(OpenAndCloseBrowser.java:103)
	at java.util.concurrent.FutureTask.run(FutureTask.java:266)
	at java.util.concurrent.ThreadPoolExecutor.runWorker(ThreadPoolExecutor.java:1142)
	at java.util.concurrent.ThreadPoolExecutor$Worker.run(ThreadPoolExecutor.java:617)
	at java.lang.Thread.run(Thread.java:748)
Caused by: org.openqa.selenium.NoSuchSessionException: Build info: version: '3.4.0', revision: 'unknown', time: 'unknown'
System info: host: '9c627fda97ea', ip: '172.17.0.3', os.name: 'Linux', os.arch: 'amd64', os.version: '4.9.36-moby', java.version: '1.8.0_131'
Driver info: driver.version: unknown
Build info: version: '3.4.0', revision: 'unknown', time: 'unknown'
System info: host: 'XE-T-DEEPAKS', ip: '10.0.75.1', os.name: 'Windows 10', os.arch: 'amd64', os.version: '10.0', java.version: '1.8.0_131'
Driver info: driver.version: unknown
... Removed 20 stack frames]]>
    </failure>
  </testcase> <!-- @AfterClass closeBrowser -->
  <testcase name="loginFunc" time="0.175" classname="test.LoginPageTest">
    <failure type="org.openqa.selenium.NoSuchSessionException" message="Build info: version: &amp;apos;3.4.0&amp;apos;, revision: &amp;apos;unknown&amp;apos;, time: &amp;apos;unknown&amp;apos;
System info: host: &amp;apos;9c627fda97ea&amp;apos;, ip: &amp;apos;172.17.0.3&amp;apos;, os.name: &amp;apos;Linux&amp;apos;, os.arch: &amp;apos;amd64&amp;apos;, os.version: &amp;apos;4.9.36-moby&amp;apos;, java.version: &amp;apos;1.8.0_131&amp;apos;
Driver info: driver.version: unknown
Command duration or timeout: 25 milliseconds">
      <![CDATA[org.openqa.selenium.NoSuchSessionException: Build info: version: '3.4.0', revision: 'unknown', time: 'unknown'
System info: host: '9c627fda97ea', ip: '172.17.0.3', os.name: 'Linux', os.arch: 'amd64', os.version: '4.9.36-moby', java.version: '1.8.0_131'
Driver info: driver.version: unknown
Command duration or timeout: 25 milliseconds
	at org.openqa.selenium.remote.ErrorHandler.createThrowable(ErrorHandler.java:215)
	at org.openqa.selenium.remote.ErrorHandler.throwIfResponseFailed(ErrorHandler.java:167)
	at org.openqa.selenium.remote.RemoteWebDriver.execute(RemoteWebDriver.java:671)
	at org.openqa.selenium.remote.RemoteWebDriver.findElement(RemoteWebDriver.java:410)
	at org.openqa.selenium.remote.RemoteWebDriver.findElementByXPath(RemoteWebDriver.java:509)
	at org.openqa.selenium.By$ByXPath.findElement(By.java:361)
	at org.openqa.selenium.remote.RemoteWebDriver.findElement(RemoteWebDriver.java:402)
	at org.openqa.selenium.support.pagefactory.DefaultElementLocator.findElement(DefaultElementLocator.java:69)
	at org.openqa.selenium.support.pagefactory.internal.LocatingElementHandler.invoke(LocatingElementHandler.java:38)
	at com.sun.proxy.$Proxy16.isDisplayed(Unknown Source)
	at org.openqa.selenium.support.ui.ExpectedConditions.elementIfVisible(ExpectedConditions.java:302)
	at org.openqa.selenium.support.ui.ExpectedConditions.access$100(ExpectedConditions.java:44)
	at org.openqa.selenium.support.ui.ExpectedConditions$10.apply(ExpectedConditions.java:288)
	at org.openqa.selenium.support.ui.ExpectedConditions$10.apply(ExpectedConditions.java:285)
	at org.openqa.selenium.support.ui.FluentWait.until(FluentWait.java:209)
	at core.ActionDriver.waitForElement(ActionDriver.java:20)
	at core.ActionDriver.isElementPresent(ActionDriver.java:50)
	at pages.HomePage.<init>(HomePage.java:18)
	at test.LoginPageTest.loginFunc(LoginPageTest.java:31)
	at java.util.concurrent.FutureTask.run(FutureTask.java:266)
	at java.util.concurrent.ThreadPoolExecutor.runWorker(ThreadPoolExecutor.java:1142)
	at java.util.concurrent.ThreadPoolExecutor$Worker.run(ThreadPoolExecutor.java:617)
	at java.lang.Thread.run(Thread.java:748)
Caused by: org.openqa.selenium.NoSuchSessionException: Build info: version: '3.4.0', revision: 'unknown', time: 'unknown'
System info: host: '9c627fda97ea', ip: '172.17.0.3', os.name: 'Linux', os.arch: 'amd64', os.version: '4.9.36-moby', java.version: '1.8.0_131'
Driver info: driver.version: unknown
Build info: version: '3.4.0', revision: 'unknown', time: 'unknown'
System info: host: 'XE-T-DEEPAKS', ip: '10.0.75.1', os.name: 'Windows 10', os.arch: 'amd64', os.version: '10.0', java.version: '1.8.0_131'
Driver info: driver.version: unknown
... Removed 20 stack frames]]>
    </failure>
  </testcase> <!-- loginFunc -->
</testsuite> <!-- Test1 -->
